2025-02-15T15:49:29.634+07:00  INFO 22324 --- [food-booking-backend] [main] c.a.f.FoodBookingBackendApplication      : Starting FoodBookingBackendApplication using Java 23 with PID 22324 (D:\Projects\food-booking-backend\build\classes\java\main started by light in D:\Projects\food-booking-backend)
2025-02-15T15:49:29.637+07:00  INFO 22324 --- [food-booking-backend] [main] c.a.f.FoodBookingBackendApplication      : No active profile set, falling back to 1 default profile: "default"
2025-02-15T15:49:30.419+07:00  INFO 22324 --- [food-booking-backend] [main] .s.d.r.c.RepositoryConfigurationDelegate : Bootstrapping Spring Data JPA repositories in DEFAULT mode.
2025-02-15T15:49:30.454+07:00  INFO 22324 --- [food-booking-backend] [main] .s.d.r.c.RepositoryConfigurationDelegate : Finished Spring Data repository scanning in 22 ms. Found 0 JPA repository interfaces.
2025-02-15T15:49:31.090+07:00  INFO 22324 --- [food-booking-backend] [main] o.s.b.w.embedded.tomcat.TomcatWebServer  : Tomcat initialized with port 8080 (http)
2025-02-15T15:49:31.107+07:00  INFO 22324 --- [food-booking-backend] [main] o.apache.catalina.core.StandardService   : Starting service [Tomcat]
2025-02-15T15:49:31.107+07:00  INFO 22324 --- [food-booking-backend] [main] o.apache.catalina.core.StandardEngine    : Starting Servlet engine: [Apache Tomcat/10.1.34]
2025-02-15T15:49:31.177+07:00  INFO 22324 --- [food-booking-backend] [main] o.a.c.c.C.[Tomcat].[localhost].[/]       : Initializing Spring embedded WebApplicationContext
2025-02-15T15:49:31.177+07:00  INFO 22324 --- [food-booking-backend] [main] w.s.c.ServletWebServerApplicationContext : Root WebApplicationContext: initialization completed in 1489 ms
2025-02-15T15:49:31.408+07:00  INFO 22324 --- [food-booking-backend] [main] com.zaxxer.hikari.HikariDataSource       : HikariPool-1 - Starting...
2025-02-15T15:49:31.825+07:00  INFO 22324 --- [food-booking-backend] [main] com.zaxxer.hikari.pool.HikariPool        : HikariPool-1 - Added connection com.mysql.cj.jdbc.ConnectionImpl@437ed416
2025-02-15T15:49:31.827+07:00  INFO 22324 --- [food-booking-backend] [main] com.zaxxer.hikari.HikariDataSource       : HikariPool-1 - Start completed.
2025-02-15T15:49:31.869+07:00  INFO 22324 --- [food-booking-backend] [main] org.flywaydb.core.FlywayExecutor         : Database: jdbc:mysql://127.0.0.1:3306/food-booking-db (MySQL 8.0)
2025-02-15T15:49:31.900+07:00  INFO 22324 --- [food-booking-backend] [main] o.f.c.i.s.JdbcTableSchemaHistory         : Schema history table `food-booking-db`.`flyway_schema_history` does not exist yet
2025-02-15T15:49:31.903+07:00  INFO 22324 --- [food-booking-backend] [main] o.f.core.internal.command.DbValidate     : Successfully validated 0 migrations (execution time 00:00.010s)
2025-02-15T15:49:31.903+07:00  WARN 22324 --- [food-booking-backend] [main] o.f.core.internal.command.DbValidate     : No migrations found. Are your locations set up correctly?
2025-02-15T15:49:31.921+07:00  INFO 22324 --- [food-booking-backend] [main] o.f.c.i.s.JdbcTableSchemaHistory         : Creating Schema History table `food-booking-db`.`flyway_schema_history` ...
2025-02-15T15:49:32.016+07:00  INFO 22324 --- [food-booking-backend] [main] o.f.core.internal.command.DbMigrate      : Current version of schema `food-booking-db`: << Empty Schema >>
2025-02-15T15:49:32.021+07:00  INFO 22324 --- [food-booking-backend] [main] o.f.core.internal.command.DbMigrate      : Schema `food-booking-db` is up to date. No migration necessary.
2025-02-15T15:49:32.148+07:00  INFO 22324 --- [food-booking-backend] [main] o.hibernate.jpa.internal.util.LogHelper  : HHH000204: Processing PersistenceUnitInfo [name: default]
2025-02-15T15:49:32.231+07:00  INFO 22324 --- [food-booking-backend] [main] org.hibernate.Version                    : HHH000412: Hibernate ORM core version 6.6.5.Final
2025-02-15T15:49:32.278+07:00  INFO 22324 --- [food-booking-backend] [main] o.h.c.internal.RegionFactoryInitiator    : HHH000026: Second-level cache disabled
2025-02-15T15:49:32.605+07:00  INFO 22324 --- [food-booking-backend] [main] o.s.o.j.p.SpringPersistenceUnitInfo      : No LoadTimeWeaver setup: ignoring JPA class transformer
2025-02-15T15:49:32.700+07:00  INFO 22324 --- [food-booking-backend] [main] org.hibernate.orm.connections.pooling    : HHH10001005: Database info:
	Database JDBC URL [Connecting through datasource 'HikariDataSource (HikariPool-1)']
	Database driver: undefined/unknown
	Database version: 8.0.30
	Autocommit mode: undefined/unknown
	Isolation level: undefined/unknown
	Minimum pool size: undefined/unknown
	Maximum pool size: undefined/unknown
2025-02-15T15:49:33.083+07:00  INFO 22324 --- [food-booking-backend] [main] o.h.e.t.j.p.i.JtaPlatformInitiator       : HHH000489: No JTA platform available (set 'hibernate.transaction.jta.platform' to enable JTA platform integration)
2025-02-15T15:49:33.088+07:00  INFO 22324 --- [food-booking-backend] [main] j.LocalContainerEntityManagerFactoryBean : Initialized JPA EntityManagerFactory for persistence unit 'default'
2025-02-15T15:49:33.157+07:00  WARN 22324 --- [food-booking-backend] [main] JpaBaseConfiguration$JpaWebConfiguration : spring.jpa.open-in-view is enabled by default. Therefore, database queries may be performed during view rendering. Explicitly configure spring.jpa.open-in-view to disable this warning
2025-02-15T15:49:33.175+07:00  WARN 22324 --- [food-booking-backend] [main] .s.s.UserDetailsServiceAutoConfiguration : 

Using generated security password: 76426daa-2c4a-4097-b7e2-e277d138f330

This generated password is for development use only. Your security configuration must be updated before running your application in production.

2025-02-15T15:49:33.182+07:00  INFO 22324 --- [food-booking-backend] [main] r$InitializeUserDetailsManagerConfigurer : Global AuthenticationManager configured with UserDetailsService bean with name inMemoryUserDetailsManager
2025-02-15T15:49:33.765+07:00  INFO 22324 --- [food-booking-backend] [main] o.s.b.w.embedded.tomcat.TomcatWebServer  : Tomcat started on port 8080 (http) with context path '/'
2025-02-15T15:49:33.771+07:00  INFO 22324 --- [food-booking-backend] [main] c.a.f.FoodBookingBackendApplication      : Started FoodBookingBackendApplication in 4.63 seconds (process running for 5.833)
2025-02-15T15:50:43.749+07:00  INFO 22324 --- [food-booking-backend] [SpringApplicationShutdownHook] o.s.b.w.e.tomcat.GracefulShutdown        : Commencing graceful shutdown. Waiting for active requests to complete
2025-02-15T15:50:43.757+07:00  INFO 22324 --- [food-booking-backend] [tomcat-shutdown] o.s.b.w.e.tomcat.GracefulShutdown        : Graceful shutdown complete
2025-02-15T15:50:43.762+07:00  INFO 22324 --- [food-booking-backend] [SpringApplicationShutdownHook] j.LocalContainerEntityManagerFactoryBean : Closing JPA EntityManagerFactory for persistence unit 'default'
2025-02-15T15:50:43.765+07:00  INFO 22324 --- [food-booking-backend] [SpringApplicationShutdownHook] com.zaxxer.hikari.HikariDataSource       : HikariPool-1 - Shutdown initiated...
2025-02-15T15:50:43.772+07:00  INFO 22324 --- [food-booking-backend] [SpringApplicationShutdownHook] com.zaxxer.hikari.HikariDataSource       : HikariPool-1 - Shutdown completed.
2025-02-15T15:50:48.862+07:00  INFO 11444 --- [food-booking-backend] [main] c.a.f.FoodBookingBackendApplication      : Starting FoodBookingBackendApplication using Java 23 with PID 11444 (D:\Projects\food-booking-backend\build\classes\java\main started by light in D:\Projects\food-booking-backend)
2025-02-15T15:50:48.864+07:00  INFO 11444 --- [food-booking-backend] [main] c.a.f.FoodBookingBackendApplication      : No active profile set, falling back to 1 default profile: "default"
2025-02-15T15:50:49.506+07:00  INFO 11444 --- [food-booking-backend] [main] .s.d.r.c.RepositoryConfigurationDelegate : Bootstrapping Spring Data JPA repositories in DEFAULT mode.
2025-02-15T15:50:49.524+07:00  INFO 11444 --- [food-booking-backend] [main] .s.d.r.c.RepositoryConfigurationDelegate : Finished Spring Data repository scanning in 11 ms. Found 0 JPA repository interfaces.
2025-02-15T15:50:49.936+07:00  INFO 11444 --- [food-booking-backend] [main] o.s.b.w.embedded.tomcat.TomcatWebServer  : Tomcat initialized with port 8080 (http)
2025-02-15T15:50:49.949+07:00  INFO 11444 --- [food-booking-backend] [main] o.apache.catalina.core.StandardService   : Starting service [Tomcat]
2025-02-15T15:50:49.950+07:00  INFO 11444 --- [food-booking-backend] [main] o.apache.catalina.core.StandardEngine    : Starting Servlet engine: [Apache Tomcat/10.1.34]
2025-02-15T15:50:50.005+07:00  INFO 11444 --- [food-booking-backend] [main] o.a.c.c.C.[Tomcat].[localhost].[/]       : Initializing Spring embedded WebApplicationContext
2025-02-15T15:50:50.005+07:00  INFO 11444 --- [food-booking-backend] [main] w.s.c.ServletWebServerApplicationContext : Root WebApplicationContext: initialization completed in 1094 ms
2025-02-15T15:50:50.198+07:00  INFO 11444 --- [food-booking-backend] [main] com.zaxxer.hikari.HikariDataSource       : HikariPool-1 - Starting...
2025-02-15T15:50:50.498+07:00  INFO 11444 --- [food-booking-backend] [main] com.zaxxer.hikari.pool.HikariPool        : HikariPool-1 - Added connection com.mysql.cj.jdbc.ConnectionImpl@32e5af53
2025-02-15T15:50:50.500+07:00  INFO 11444 --- [food-booking-backend] [main] com.zaxxer.hikari.HikariDataSource       : HikariPool-1 - Start completed.
2025-02-15T15:50:50.545+07:00  INFO 11444 --- [food-booking-backend] [main] org.flywaydb.core.FlywayExecutor         : Database: jdbc:mysql://127.0.0.1:3306/food-booking-db (MySQL 8.0)
2025-02-15T15:50:50.580+07:00  INFO 11444 --- [food-booking-backend] [main] o.f.core.internal.command.DbValidate     : Successfully validated 0 migrations (execution time 00:00.016s)
2025-02-15T15:50:50.580+07:00  WARN 11444 --- [food-booking-backend] [main] o.f.core.internal.command.DbValidate     : No migrations found. Are your locations set up correctly?
2025-02-15T15:50:50.597+07:00  INFO 11444 --- [food-booking-backend] [main] o.f.core.internal.command.DbMigrate      : Current version of schema `food-booking-db`: << Empty Schema >>
2025-02-15T15:50:50.600+07:00  INFO 11444 --- [food-booking-backend] [main] o.f.core.internal.command.DbMigrate      : Schema `food-booking-db` is up to date. No migration necessary.
2025-02-15T15:50:50.678+07:00  INFO 11444 --- [food-booking-backend] [main] o.hibernate.jpa.internal.util.LogHelper  : HHH000204: Processing PersistenceUnitInfo [name: default]
2025-02-15T15:50:50.726+07:00  INFO 11444 --- [food-booking-backend] [main] org.hibernate.Version                    : HHH000412: Hibernate ORM core version 6.6.5.Final
2025-02-15T15:50:50.762+07:00  INFO 11444 --- [food-booking-backend] [main] o.h.c.internal.RegionFactoryInitiator    : HHH000026: Second-level cache disabled
2025-02-15T15:50:51.014+07:00  INFO 11444 --- [food-booking-backend] [main] o.s.o.j.p.SpringPersistenceUnitInfo      : No LoadTimeWeaver setup: ignoring JPA class transformer
2025-02-15T15:50:51.095+07:00  INFO 11444 --- [food-booking-backend] [main] org.hibernate.orm.connections.pooling    : HHH10001005: Database info:
	Database JDBC URL [Connecting through datasource 'HikariDataSource (HikariPool-1)']
	Database driver: undefined/unknown
	Database version: 8.0.30
	Autocommit mode: undefined/unknown
	Isolation level: undefined/unknown
	Minimum pool size: undefined/unknown
	Maximum pool size: undefined/unknown
2025-02-15T15:50:51.376+07:00  INFO 11444 --- [food-booking-backend] [main] o.h.e.t.j.p.i.JtaPlatformInitiator       : HHH000489: No JTA platform available (set 'hibernate.transaction.jta.platform' to enable JTA platform integration)
2025-02-15T15:50:51.381+07:00  INFO 11444 --- [food-booking-backend] [main] j.LocalContainerEntityManagerFactoryBean : Initialized JPA EntityManagerFactory for persistence unit 'default'
2025-02-15T15:50:51.437+07:00  WARN 11444 --- [food-booking-backend] [main] JpaBaseConfiguration$JpaWebConfiguration : spring.jpa.open-in-view is enabled by default. Therefore, database queries may be performed during view rendering. Explicitly configure spring.jpa.open-in-view to disable this warning
2025-02-15T15:50:51.453+07:00  WARN 11444 --- [food-booking-backend] [main] .s.s.UserDetailsServiceAutoConfiguration : 

Using generated security password: bb072d77-ced7-4ca3-9567-becd65e304e3

This generated password is for development use only. Your security configuration must be updated before running your application in production.

2025-02-15T15:50:51.459+07:00  INFO 11444 --- [food-booking-backend] [main] r$InitializeUserDetailsManagerConfigurer : Global AuthenticationManager configured with UserDetailsService bean with name inMemoryUserDetailsManager
2025-02-15T15:50:51.940+07:00  INFO 11444 --- [food-booking-backend] [main] o.s.b.w.embedded.tomcat.TomcatWebServer  : Tomcat started on port 8080 (http) with context path '/'
2025-02-15T15:50:51.949+07:00  INFO 11444 --- [food-booking-backend] [main] c.a.f.FoodBookingBackendApplication      : Started FoodBookingBackendApplication in 3.501 seconds (process running for 4.213)
2025-02-15T16:26:47.596+07:00  INFO 11444 --- [food-booking-backend] [http-nio-8080-exec-1] o.a.c.c.C.[Tomcat].[localhost].[/]       : Initializing Spring DispatcherServlet 'dispatcherServlet'
2025-02-15T16:26:47.597+07:00  INFO 11444 --- [food-booking-backend] [http-nio-8080-exec-1] o.s.web.servlet.DispatcherServlet        : Initializing Servlet 'dispatcherServlet'
2025-02-15T16:26:47.603+07:00  INFO 11444 --- [food-booking-backend] [http-nio-8080-exec-1] o.s.web.servlet.DispatcherServlet        : Completed initialization in 6 ms
2025-02-15T16:35:28.045+07:00  INFO 11444 --- [food-booking-backend] [SpringApplicationShutdownHook] o.s.b.w.e.tomcat.GracefulShutdown        : Commencing graceful shutdown. Waiting for active requests to complete
2025-02-15T16:35:28.053+07:00  INFO 11444 --- [food-booking-backend] [tomcat-shutdown] o.s.b.w.e.tomcat.GracefulShutdown        : Graceful shutdown complete
2025-02-15T16:35:28.062+07:00  INFO 11444 --- [food-booking-backend] [SpringApplicationShutdownHook] j.LocalContainerEntityManagerFactoryBean : Closing JPA EntityManagerFactory for persistence unit 'default'
2025-02-15T16:35:28.067+07:00  INFO 11444 --- [food-booking-backend] [SpringApplicationShutdownHook] com.zaxxer.hikari.HikariDataSource       : HikariPool-1 - Shutdown initiated...
2025-02-15T16:35:28.075+07:00  INFO 11444 --- [food-booking-backend] [SpringApplicationShutdownHook] com.zaxxer.hikari.HikariDataSource       : HikariPool-1 - Shutdown completed.
2025-02-15T16:35:34.098+07:00  INFO 18880 --- [food-booking-backend] [main] c.a.f.FoodBookingBackendApplication      : Starting FoodBookingBackendApplication using Java 23 with PID 18880 (D:\Projects\food-booking-backend\build\classes\java\main started by light in D:\Projects\food-booking-backend)
2025-02-15T16:35:34.100+07:00  INFO 18880 --- [food-booking-backend] [main] c.a.f.FoodBookingBackendApplication      : No active profile set, falling back to 1 default profile: "default"
2025-02-15T16:35:34.886+07:00  INFO 18880 --- [food-booking-backend] [main] .s.d.r.c.RepositoryConfigurationDelegate : Bootstrapping Spring Data JPA repositories in DEFAULT mode.
2025-02-15T16:35:34.905+07:00  INFO 18880 --- [food-booking-backend] [main] .s.d.r.c.RepositoryConfigurationDelegate : Finished Spring Data repository scanning in 13 ms. Found 0 JPA repository interfaces.
2025-02-15T16:35:35.419+07:00  INFO 18880 --- [food-booking-backend] [main] o.s.b.w.embedded.tomcat.TomcatWebServer  : Tomcat initialized with port 8080 (http)
2025-02-15T16:35:35.433+07:00  INFO 18880 --- [food-booking-backend] [main] o.apache.catalina.core.StandardService   : Starting service [Tomcat]
2025-02-15T16:35:35.433+07:00  INFO 18880 --- [food-booking-backend] [main] o.apache.catalina.core.StandardEngine    : Starting Servlet engine: [Apache Tomcat/10.1.34]
2025-02-15T16:35:35.491+07:00  INFO 18880 --- [food-booking-backend] [main] o.a.c.c.C.[Tomcat].[localhost].[/]       : Initializing Spring embedded WebApplicationContext
2025-02-15T16:35:35.491+07:00  INFO 18880 --- [food-booking-backend] [main] w.s.c.ServletWebServerApplicationContext : Root WebApplicationContext: initialization completed in 1326 ms
2025-02-15T16:35:35.703+07:00  INFO 18880 --- [food-booking-backend] [main] com.zaxxer.hikari.HikariDataSource       : HikariPool-1 - Starting...
2025-02-15T16:35:36.119+07:00  INFO 18880 --- [food-booking-backend] [main] com.zaxxer.hikari.pool.HikariPool        : HikariPool-1 - Added connection com.mysql.cj.jdbc.ConnectionImpl@79f5a6ed
2025-02-15T16:35:36.121+07:00  INFO 18880 --- [food-booking-backend] [main] com.zaxxer.hikari.HikariDataSource       : HikariPool-1 - Start completed.
2025-02-15T16:35:36.169+07:00  INFO 18880 --- [food-booking-backend] [main] org.flywaydb.core.FlywayExecutor         : Database: jdbc:mysql://127.0.0.1:3306/food-booking-db (MySQL 8.0)
2025-02-15T16:35:36.233+07:00  INFO 18880 --- [food-booking-backend] [main] o.f.core.internal.command.DbValidate     : Successfully validated 0 migrations (execution time 00:00.029s)
2025-02-15T16:35:36.233+07:00  WARN 18880 --- [food-booking-backend] [main] o.f.core.internal.command.DbValidate     : No migrations found. Are your locations set up correctly?
2025-02-15T16:35:36.257+07:00  INFO 18880 --- [food-booking-backend] [main] o.f.core.internal.command.DbMigrate      : Current version of schema `food-booking-db`: << Empty Schema >>
2025-02-15T16:35:36.264+07:00  INFO 18880 --- [food-booking-backend] [main] o.f.core.internal.command.DbMigrate      : Schema `food-booking-db` is up to date. No migration necessary.
2025-02-15T16:35:36.405+07:00  INFO 18880 --- [food-booking-backend] [main] o.hibernate.jpa.internal.util.LogHelper  : HHH000204: Processing PersistenceUnitInfo [name: default]
2025-02-15T16:35:36.478+07:00  INFO 18880 --- [food-booking-backend] [main] org.hibernate.Version                    : HHH000412: Hibernate ORM core version 6.6.5.Final
2025-02-15T16:35:36.524+07:00  INFO 18880 --- [food-booking-backend] [main] o.h.c.internal.RegionFactoryInitiator    : HHH000026: Second-level cache disabled
2025-02-15T16:35:36.911+07:00  INFO 18880 --- [food-booking-backend] [main] o.s.o.j.p.SpringPersistenceUnitInfo      : No LoadTimeWeaver setup: ignoring JPA class transformer
2025-02-15T16:35:37.003+07:00  INFO 18880 --- [food-booking-backend] [main] org.hibernate.orm.connections.pooling    : HHH10001005: Database info:
	Database JDBC URL [Connecting through datasource 'HikariDataSource (HikariPool-1)']
	Database driver: undefined/unknown
	Database version: 8.0.30
	Autocommit mode: undefined/unknown
	Isolation level: undefined/unknown
	Minimum pool size: undefined/unknown
	Maximum pool size: undefined/unknown
2025-02-15T16:35:37.231+07:00 ERROR 18880 --- [food-booking-backend] [main] j.LocalContainerEntityManagerFactoryBean : Failed to initialize JPA EntityManagerFactory: Property 'com.app.food_booking_backend.model.entity.User.status' is annotated '@Enumerated' but its type 'java.lang.String' is not an enum
2025-02-15T16:35:37.232+07:00  WARN 18880 --- [food-booking-backend] [main] ConfigServletWebServerApplicationContext : Exception encountered during context initialization - cancelling refresh attempt: org.springframework.beans.factory.BeanCreationException: Error creating bean with name 'entityManagerFactory' defined in class path resource [org/springframework/boot/autoconfigure/orm/jpa/HibernateJpaConfiguration.class]: Property 'com.app.food_booking_backend.model.entity.User.status' is annotated '@Enumerated' but its type 'java.lang.String' is not an enum
2025-02-15T16:35:37.232+07:00  INFO 18880 --- [food-booking-backend] [main] com.zaxxer.hikari.HikariDataSource       : HikariPool-1 - Shutdown initiated...
2025-02-15T16:35:37.239+07:00  INFO 18880 --- [food-booking-backend] [main] com.zaxxer.hikari.HikariDataSource       : HikariPool-1 - Shutdown completed.
2025-02-15T16:35:37.242+07:00  INFO 18880 --- [food-booking-backend] [main] o.apache.catalina.core.StandardService   : Stopping service [Tomcat]
2025-02-15T16:35:37.251+07:00  INFO 18880 --- [food-booking-backend] [main] .s.b.a.l.ConditionEvaluationReportLogger : 

Error starting ApplicationContext. To display the condition evaluation report re-run your application with 'debug' enabled.
2025-02-15T16:35:37.270+07:00 ERROR 18880 --- [food-booking-backend] [main] o.s.boot.SpringApplication               : Application run failed

org.springframework.beans.factory.BeanCreationException: Error creating bean with name 'entityManagerFactory' defined in class path resource [org/springframework/boot/autoconfigure/orm/jpa/HibernateJpaConfiguration.class]: Property 'com.app.food_booking_backend.model.entity.User.status' is annotated '@Enumerated' but its type 'java.lang.String' is not an enum
	at org.springframework.beans.factory.support.AbstractAutowireCapableBeanFactory.initializeBean(AbstractAutowireCapableBeanFactory.java:1812) ~[spring-beans-6.2.2.jar:6.2.2]
	at org.springframework.beans.factory.support.AbstractAutowireCapableBeanFactory.doCreateBean(AbstractAutowireCapableBeanFactory.java:601) ~[spring-beans-6.2.2.jar:6.2.2]
	at org.springframework.beans.factory.support.AbstractAutowireCapableBeanFactory.createBean(AbstractAutowireCapableBeanFactory.java:523) ~[spring-beans-6.2.2.jar:6.2.2]
	at org.springframework.beans.factory.support.AbstractBeanFactory.lambda$doGetBean$0(AbstractBeanFactory.java:336) ~[spring-beans-6.2.2.jar:6.2.2]
	at org.springframework.beans.factory.support.DefaultSingletonBeanRegistry.getSingleton(DefaultSingletonBeanRegistry.java:307) ~[spring-beans-6.2.2.jar:6.2.2]
	at org.springframework.beans.factory.support.AbstractBeanFactory.doGetBean(AbstractBeanFactory.java:334) ~[spring-beans-6.2.2.jar:6.2.2]
	at org.springframework.beans.factory.support.AbstractBeanFactory.getBean(AbstractBeanFactory.java:204) ~[spring-beans-6.2.2.jar:6.2.2]
	at org.springframework.context.support.AbstractApplicationContext.finishBeanFactoryInitialization(AbstractApplicationContext.java:970) ~[spring-context-6.2.2.jar:6.2.2]
	at org.springframework.context.support.AbstractApplicationContext.refresh(AbstractApplicationContext.java:627) ~[spring-context-6.2.2.jar:6.2.2]
	at org.springframework.boot.web.servlet.context.ServletWebServerApplicationContext.refresh(ServletWebServerApplicationContext.java:146) ~[spring-boot-3.4.2.jar:3.4.2]
	at org.springframework.boot.SpringApplication.refresh(SpringApplication.java:752) ~[spring-boot-3.4.2.jar:3.4.2]
	at org.springframework.boot.SpringApplication.refreshContext(SpringApplication.java:439) ~[spring-boot-3.4.2.jar:3.4.2]
	at org.springframework.boot.SpringApplication.run(SpringApplication.java:318) ~[spring-boot-3.4.2.jar:3.4.2]
	at org.springframework.boot.SpringApplication.run(SpringApplication.java:1361) ~[spring-boot-3.4.2.jar:3.4.2]
	at org.springframework.boot.SpringApplication.run(SpringApplication.java:1350) ~[spring-boot-3.4.2.jar:3.4.2]
	at com.app.food_booking_backend.FoodBookingBackendApplication.main(FoodBookingBackendApplication.java:10) ~[main/:na]
Caused by: org.hibernate.AnnotationException: Property 'com.app.food_booking_backend.model.entity.User.status' is annotated '@Enumerated' but its type 'java.lang.String' is not an enum
	at org.hibernate.boot.model.internal.BasicValueBinder.prepareBasicAttribute(BasicValueBinder.java:814) ~[hibernate-core-6.6.5.Final.jar:6.6.5.Final]
	at org.hibernate.boot.model.internal.BasicValueBinder.setType(BasicValueBinder.java:384) ~[hibernate-core-6.6.5.Final.jar:6.6.5.Final]
	at org.hibernate.boot.model.internal.PropertyBinder.makePropertyAndValue(PropertyBinder.java:271) ~[hibernate-core-6.6.5.Final.jar:6.6.5.Final]
	at org.hibernate.boot.model.internal.PropertyBinder.makePropertyValueAndBind(PropertyBinder.java:311) ~[hibernate-core-6.6.5.Final.jar:6.6.5.Final]
	at org.hibernate.boot.model.internal.PropertyBinder.createBasicBinder(PropertyBinder.java:1251) ~[hibernate-core-6.6.5.Final.jar:6.6.5.Final]
	at org.hibernate.boot.model.internal.PropertyBinder.bindBasic(PropertyBinder.java:1141) ~[hibernate-core-6.6.5.Final.jar:6.6.5.Final]
	at org.hibernate.boot.model.internal.PropertyBinder.bindProperty(PropertyBinder.java:913) ~[hibernate-core-6.6.5.Final.jar:6.6.5.Final]
	at org.hibernate.boot.model.internal.PropertyBinder.buildProperty(PropertyBinder.java:811) ~[hibernate-core-6.6.5.Final.jar:6.6.5.Final]
	at org.hibernate.boot.model.internal.PropertyBinder.processElementAnnotations(PropertyBinder.java:732) ~[hibernate-core-6.6.5.Final.jar:6.6.5.Final]
	at org.hibernate.boot.model.internal.EntityBinder.processIdPropertiesIfNotAlready(EntityBinder.java:1088) ~[hibernate-core-6.6.5.Final.jar:6.6.5.Final]
	at org.hibernate.boot.model.internal.EntityBinder.handleIdentifier(EntityBinder.java:419) ~[hibernate-core-6.6.5.Final.jar:6.6.5.Final]
	at org.hibernate.boot.model.internal.EntityBinder.bindEntityClass(EntityBinder.java:251) ~[hibernate-core-6.6.5.Final.jar:6.6.5.Final]
	at org.hibernate.boot.model.internal.AnnotationBinder.bindClass(AnnotationBinder.java:401) ~[hibernate-core-6.6.5.Final.jar:6.6.5.Final]
	at org.hibernate.boot.model.source.internal.annotations.AnnotationMetadataSourceProcessorImpl.processEntityHierarchies(AnnotationMetadataSourceProcessorImpl.java:257) ~[hibernate-core-6.6.5.Final.jar:6.6.5.Final]
	at org.hibernate.boot.model.process.spi.MetadataBuildingProcess$1.processEntityHierarchies(MetadataBuildingProcess.java:281) ~[hibernate-core-6.6.5.Final.jar:6.6.5.Final]
	at org.hibernate.boot.model.process.spi.MetadataBuildingProcess.complete(MetadataBuildingProcess.java:324) ~[hibernate-core-6.6.5.Final.jar:6.6.5.Final]
	at org.hibernate.jpa.boot.internal.EntityManagerFactoryBuilderImpl.metadata(EntityManagerFactoryBuilderImpl.java:1431) ~[hibernate-core-6.6.5.Final.jar:6.6.5.Final]
	at org.hibernate.jpa.boot.internal.EntityManagerFactoryBuilderImpl.build(EntityManagerFactoryBuilderImpl.java:1502) ~[hibernate-core-6.6.5.Final.jar:6.6.5.Final]
	at org.springframework.orm.jpa.vendor.SpringHibernateJpaPersistenceProvider.createContainerEntityManagerFactory(SpringHibernateJpaPersistenceProvider.java:66) ~[spring-orm-6.2.2.jar:6.2.2]
	at org.springframework.orm.jpa.LocalContainerEntityManagerFactoryBean.createNativeEntityManagerFactory(LocalContainerEntityManagerFactoryBean.java:390) ~[spring-orm-6.2.2.jar:6.2.2]
	at org.springframework.orm.jpa.AbstractEntityManagerFactoryBean.buildNativeEntityManagerFactory(AbstractEntityManagerFactoryBean.java:419) ~[spring-orm-6.2.2.jar:6.2.2]
	at org.springframework.orm.jpa.AbstractEntityManagerFactoryBean.afterPropertiesSet(AbstractEntityManagerFactoryBean.java:400) ~[spring-orm-6.2.2.jar:6.2.2]
	at org.springframework.orm.jpa.LocalContainerEntityManagerFactoryBean.afterPropertiesSet(LocalContainerEntityManagerFactoryBean.java:366) ~[spring-orm-6.2.2.jar:6.2.2]
	at org.springframework.beans.factory.support.AbstractAutowireCapableBeanFactory.invokeInitMethods(AbstractAutowireCapableBeanFactory.java:1859) ~[spring-beans-6.2.2.jar:6.2.2]
	at org.springframework.beans.factory.support.AbstractAutowireCapableBeanFactory.initializeBean(AbstractAutowireCapableBeanFactory.java:1808) ~[spring-beans-6.2.2.jar:6.2.2]
	... 15 common frames omitted

2025-02-15T16:40:49.222+07:00  INFO 5060 --- [food-booking-backend] [main] c.a.f.FoodBookingBackendApplication      : Starting FoodBookingBackendApplication using Java 23 with PID 5060 (D:\Projects\food-booking-backend\build\classes\java\main started by light in D:\Projects\food-booking-backend)
2025-02-15T16:40:49.223+07:00  INFO 5060 --- [food-booking-backend] [main] c.a.f.FoodBookingBackendApplication      : No active profile set, falling back to 1 default profile: "default"
2025-02-15T16:40:49.828+07:00  INFO 5060 --- [food-booking-backend] [main] .s.d.r.c.RepositoryConfigurationDelegate : Bootstrapping Spring Data JPA repositories in DEFAULT mode.
2025-02-15T16:40:49.847+07:00  INFO 5060 --- [food-booking-backend] [main] .s.d.r.c.RepositoryConfigurationDelegate : Finished Spring Data repository scanning in 11 ms. Found 0 JPA repository interfaces.
2025-02-15T16:40:50.256+07:00  INFO 5060 --- [food-booking-backend] [main] o.s.b.w.embedded.tomcat.TomcatWebServer  : Tomcat initialized with port 8080 (http)
2025-02-15T16:40:50.267+07:00  INFO 5060 --- [food-booking-backend] [main] o.apache.catalina.core.StandardService   : Starting service [Tomcat]
2025-02-15T16:40:50.267+07:00  INFO 5060 --- [food-booking-backend] [main] o.apache.catalina.core.StandardEngine    : Starting Servlet engine: [Apache Tomcat/10.1.34]
2025-02-15T16:40:50.309+07:00  INFO 5060 --- [food-booking-backend] [main] o.a.c.c.C.[Tomcat].[localhost].[/]       : Initializing Spring embedded WebApplicationContext
2025-02-15T16:40:50.309+07:00  INFO 5060 --- [food-booking-backend] [main] w.s.c.ServletWebServerApplicationContext : Root WebApplicationContext: initialization completed in 1042 ms
2025-02-15T16:40:50.509+07:00  INFO 5060 --- [food-booking-backend] [main] com.zaxxer.hikari.HikariDataSource       : HikariPool-1 - Starting...
2025-02-15T16:40:50.801+07:00  INFO 5060 --- [food-booking-backend] [main] com.zaxxer.hikari.pool.HikariPool        : HikariPool-1 - Added connection com.mysql.cj.jdbc.ConnectionImpl@1002d192
2025-02-15T16:40:50.803+07:00  INFO 5060 --- [food-booking-backend] [main] com.zaxxer.hikari.HikariDataSource       : HikariPool-1 - Start completed.
2025-02-15T16:40:50.840+07:00  INFO 5060 --- [food-booking-backend] [main] org.flywaydb.core.FlywayExecutor         : Database: jdbc:mysql://127.0.0.1:3306/food-booking-db (MySQL 8.0)
2025-02-15T16:40:50.876+07:00  INFO 5060 --- [food-booking-backend] [main] o.f.core.internal.command.DbValidate     : Successfully validated 0 migrations (execution time 00:00.016s)
2025-02-15T16:40:50.876+07:00  WARN 5060 --- [food-booking-backend] [main] o.f.core.internal.command.DbValidate     : No migrations found. Are your locations set up correctly?
2025-02-15T16:40:50.892+07:00  INFO 5060 --- [food-booking-backend] [main] o.f.core.internal.command.DbMigrate      : Current version of schema `food-booking-db`: << Empty Schema >>
2025-02-15T16:40:50.896+07:00  INFO 5060 --- [food-booking-backend] [main] o.f.core.internal.command.DbMigrate      : Schema `food-booking-db` is up to date. No migration necessary.
2025-02-15T16:40:50.979+07:00  INFO 5060 --- [food-booking-backend] [main] o.hibernate.jpa.internal.util.LogHelper  : HHH000204: Processing PersistenceUnitInfo [name: default]
2025-02-15T16:40:51.027+07:00  INFO 5060 --- [food-booking-backend] [main] org.hibernate.Version                    : HHH000412: Hibernate ORM core version 6.6.5.Final
2025-02-15T16:40:51.063+07:00  INFO 5060 --- [food-booking-backend] [main] o.h.c.internal.RegionFactoryInitiator    : HHH000026: Second-level cache disabled
2025-02-15T16:40:51.310+07:00  INFO 5060 --- [food-booking-backend] [main] o.s.o.j.p.SpringPersistenceUnitInfo      : No LoadTimeWeaver setup: ignoring JPA class transformer
2025-02-15T16:40:51.376+07:00  INFO 5060 --- [food-booking-backend] [main] org.hibernate.orm.connections.pooling    : HHH10001005: Database info:
	Database JDBC URL [Connecting through datasource 'HikariDataSource (HikariPool-1)']
	Database driver: undefined/unknown
	Database version: 8.0.30
	Autocommit mode: undefined/unknown
	Isolation level: undefined/unknown
	Minimum pool size: undefined/unknown
	Maximum pool size: undefined/unknown
2025-02-15T16:40:52.171+07:00  INFO 5060 --- [food-booking-backend] [main] o.h.e.t.j.p.i.JtaPlatformInitiator       : HHH000489: No JTA platform available (set 'hibernate.transaction.jta.platform' to enable JTA platform integration)
2025-02-15T16:40:52.174+07:00  INFO 5060 --- [food-booking-backend] [main] j.LocalContainerEntityManagerFactoryBean : Initialized JPA EntityManagerFactory for persistence unit 'default'
2025-02-15T16:40:52.241+07:00  WARN 5060 --- [food-booking-backend] [main] JpaBaseConfiguration$JpaWebConfiguration : spring.jpa.open-in-view is enabled by default. Therefore, database queries may be performed during view rendering. Explicitly configure spring.jpa.open-in-view to disable this warning
2025-02-15T16:40:52.257+07:00  WARN 5060 --- [food-booking-backend] [main] .s.s.UserDetailsServiceAutoConfiguration : 

Using generated security password: d0eb63c1-d31b-44d1-b6d6-e0519dd94bd9

This generated password is for development use only. Your security configuration must be updated before running your application in production.

2025-02-15T16:40:52.263+07:00  INFO 5060 --- [food-booking-backend] [main] r$InitializeUserDetailsManagerConfigurer : Global AuthenticationManager configured with UserDetailsService bean with name inMemoryUserDetailsManager
2025-02-15T16:40:52.676+07:00  INFO 5060 --- [food-booking-backend] [main] o.s.b.w.embedded.tomcat.TomcatWebServer  : Tomcat started on port 8080 (http) with context path '/'
2025-02-15T16:40:52.683+07:00  INFO 5060 --- [food-booking-backend] [main] c.a.f.FoodBookingBackendApplication      : Started FoodBookingBackendApplication in 3.855 seconds (process running for 4.627)
2025-02-15T16:40:57.349+07:00  INFO 5060 --- [food-booking-backend] [http-nio-8080-exec-1] o.a.c.c.C.[Tomcat].[localhost].[/]       : Initializing Spring DispatcherServlet 'dispatcherServlet'
2025-02-15T16:40:57.349+07:00  INFO 5060 --- [food-booking-backend] [http-nio-8080-exec-1] o.s.web.servlet.DispatcherServlet        : Initializing Servlet 'dispatcherServlet'
2025-02-15T16:40:57.351+07:00  INFO 5060 --- [food-booking-backend] [http-nio-8080-exec-1] o.s.web.servlet.DispatcherServlet        : Completed initialization in 1 ms
2025-02-15T16:50:07.057+07:00  INFO 5060 --- [food-booking-backend] [SpringApplicationShutdownHook] o.s.b.w.e.tomcat.GracefulShutdown        : Commencing graceful shutdown. Waiting for active requests to complete
2025-02-15T16:50:07.066+07:00  INFO 5060 --- [food-booking-backend] [tomcat-shutdown] o.s.b.w.e.tomcat.GracefulShutdown        : Graceful shutdown complete
2025-02-15T16:50:07.071+07:00  INFO 5060 --- [food-booking-backend] [SpringApplicationShutdownHook] j.LocalContainerEntityManagerFactoryBean : Closing JPA EntityManagerFactory for persistence unit 'default'
2025-02-15T16:50:07.074+07:00  INFO 5060 --- [food-booking-backend] [SpringApplicationShutdownHook] com.zaxxer.hikari.HikariDataSource       : HikariPool-1 - Shutdown initiated...
2025-02-15T16:50:07.083+07:00  INFO 5060 --- [food-booking-backend] [SpringApplicationShutdownHook] com.zaxxer.hikari.HikariDataSource       : HikariPool-1 - Shutdown completed.
